  ObjectTesting.cpp
C:\Users\ryste\OneDrive\Documents\Plane\Plane\graph.h(132,8): error C2760: syntax error: ')' was unexpected here; expected 'condition'
C:\Users\ryste\OneDrive\Documents\Plane\Plane\graph.h(133,1): error C2760: syntax error: '}' was unexpected here; expected 'statement'
C:\Users\ryste\OneDrive\Documents\Plane\Plane\ObjectTesting.cpp(52,36): warning C4305: 'argument': truncation from 'double' to 'float'
C:\Users\ryste\OneDrive\Documents\Plane\Plane\ObjectTesting.cpp(80,27): warning C4305: 'argument': truncation from 'double' to 'float'
